<?xml version="1.0" encoding="UTF-8" ?>
<testsuite tests="5" failures="1" name="org.allurefw.report.junit.JunitXmlPluginTest" time="0.354" errors="0" skipped="1">
  <testcase classname="org.allurefw.report.junit.JunitXmlPluginTest" name="shouldReadJunitResults" time="0.125"/>
  <testcase classname="org.allurefw.report.junit.JunitXmlPluginTest" name="shouldProcessTestsWithRetry" time="0.125">
    <skipped message="Add support of retries"/>
  </testcase>
  <testcase classname="org.allurefw.report.junit.JunitXmlPluginTest" name="shouldSkipInvalidXml" time="0.002"/>
  <testcase classname="org.allurefw.report.junit.JunitXmlPluginTest" name="shouldReadFailures" time="0.012">
    <failure message="
Expected: is &lt;Present&gt;
     but: was &lt;Empty&gt;" type="java.lang.AssertionError">java.lang.AssertionError:
        Expected: is &lt;Present&gt;
        but: was &lt;Empty&gt;
        at org.hamcrest.MatcherAssert.assertThat(MatcherAssert.java:20)
        at org.hamcrest.MatcherAssert.assertThat(MatcherAssert.java:8)
        at org.allurefw.report.junit.JunitXmlPluginTest.shouldReadFailures(JunitTestResultsTest.java:99)
        at sun.reflect.NativeMethodAccessorImpl.invoke0(Native Method)
        at sun.reflect.NativeMethodAccessorImpl.invoke(NativeMethodAccessorImpl.java:62)
        at sun.reflect.DelegatingMethodAccessorImpl.invoke(DelegatingMethodAccessorImpl.java:43)
        at java.lang.reflect.Method.invoke(Method.java:498)
        at org.junit.runners.model.FrameworkMethod$1.runReflectiveCall(FrameworkMethod.java:50)
        at org.junit.internal.runners.model.ReflectiveCallable.run(ReflectiveCallable.java:12)
        at org.junit.runners.model.FrameworkMethod.invokeExplosively(FrameworkMethod.java:47)
        at org.junit.internal.runners.statements.InvokeMethod.evaluate(InvokeMethod.java:17)
        at org.junit.internal.runners.statements.RunBefores.evaluate(RunBefores.java:26)
        at org.junit.rules.ExternalResource$1.evaluate(ExternalResource.java:48)
        at org.junit.rules.RunRules.evaluate(RunRules.java:20)
        at org.junit.runners.ParentRunner.runLeaf(ParentRunner.java:325)
        at org.junit.runners.BlockJUnit4ClassRunner.runChild(BlockJUnit4ClassRunner.java:78)
        at org.junit.runners.BlockJUnit4ClassRunner.runChild(BlockJUnit4ClassRunner.java:57)
        at org.junit.runners.ParentRunner$3.run(ParentRunner.java:290)
        at org.junit.runners.ParentRunner$1.schedule(ParentRunner.java:71)
        at org.junit.runners.ParentRunner.runChildren(ParentRunner.java:288)
        at org.junit.runners.ParentRunner.access$000(ParentRunner.java:58)
        at org.junit.runners.ParentRunner$2.evaluate(ParentRunner.java:268)
        at org.junit.runners.ParentRunner.run(ParentRunner.java:363)
        at org.apache.maven.surefire.junit4.JUnit4Provider.execute(JUnit4Provider.java:252)
        at org.apache.maven.surefire.junit4.JUnit4Provider.executeTestSet(JUnit4Provider.java:141)
        at org.apache.maven.surefire.junit4.JUnit4Provider.invoke(JUnit4Provider.java:112)
        at sun.reflect.NativeMethodAccessorImpl.invoke0(Native Method)
        at sun.reflect.NativeMethodAccessorImpl.invoke(NativeMethodAccessorImpl.java:62)
        at sun.reflect.DelegatingMethodAccessorImpl.invoke(DelegatingMethodAccessorImpl.java:43)
        at java.lang.reflect.Method.invoke(Method.java:498)
        at org.apache.maven.surefire.util.ReflectionUtils.invokeMethodWithArray(ReflectionUtils.java:189)
        at org.apache.maven.surefire.booter.ProviderFactory$ProviderProxy.invoke(ProviderFactory.java:165)
        at org.apache.maven.surefire.booter.ProviderFactory.invokeProvider(ProviderFactory.java:85)
        at org.apache.maven.surefire.booter.ForkedBooter.runSuitesInProcess(ForkedBooter.java:115)
        at org.apache.maven.surefire.booter.ForkedBooter.main(ForkedBooter.java:75)
    </failure>
  </testcase>
  <testcase classname="org.allurefw.report.junit.JunitXmlPluginTest" name="shouldAddLogAsAttachment" time="0.09"/>
</testsuite>
