{
  "other.PassingTest#testPassed" : {
    "id" : "other.PassingTest#testPassed",
    "name" : "testPassed",
    "statistic" : {
      "passed" : 1,
      "total" : 1
    },
    "items" : [ {
      "status" : "passed",
      "testRunName" : "Demo Allure tests",
      "timestamp" : 1412949549730
    } ]
  },
  "my.company.AlwaysPassingTest#testOne" : {
    "id" : "my.company.AlwaysPassingTest#testOne",
    "name" : "testOne",
    "statistic" : {
      "passed" : 1,
      "total" : 1
    },
    "items" : [ {
      "status" : "passed",
      "testRunName" : "Demo Allure tests",
      "timestamp" : 1412949539715
    } ]
  },
  "my.company.SimpleTest#failedSimpleTest" : {
    "id" : "my.company.SimpleTest#failedSimpleTest",
    "name" : "failedSimpleTest",
    "statistic" : {
      "failed" : 1,
      "total" : 1
    },
    "items" : [ {
      "status" : "failed",
      "statusDetails" : "AssertionError: 5 is not 2 + 2\nExpected: is <4>\n     but: was <5>",
      "testRunName" : "Demo Allure tests",
      "timestamp" : 1412949558830
    } ]
  },
  "my.company.NonAsciiTest#test_pass" : {
    "id" : "my.company.NonAsciiTest#test_pass",
    "name" : "test_pass",
    "statistic" : {
      "passed" : 1,
      "total" : 1
    },
    "items" : [ {
      "status" : "passed",
      "testRunName" : "Demo Allure tests",
      "timestamp" : 1412949540565
    } ]
  },
  "Search tests#Empty text search" : {
    "id" : "Search tests#Empty text search",
    "name" : "Empty text search",
    "statistic" : {
      "passed" : 1,
      "total" : 1
    },
    "items" : [ {
      "status" : "passed",
      "testRunName" : "Demo Allure tests",
      "timestamp" : 1412949558344
    } ]
  },
  "my.company.AlwaysPassingTest#testFour" : {
    "id" : "my.company.AlwaysPassingTest#testFour",
    "name" : "testFour",
    "statistic" : {
      "passed" : 1,
      "total" : 1
    },
    "items" : [ {
      "status" : "passed",
      "testRunName" : "Demo Allure tests",
      "timestamp" : 1412949539730
    } ]
  },
  "my.company.NonAsciiTest#test_raise_cyrilling (невероятный тест кодировки!)" : {
    "id" : "my.company.NonAsciiTest#test_raise_cyrilling (невероятный тест кодировки!)",
    "name" : "test_raise_cyrilling (невероятный тест кодировки!)",
    "statistic" : {
      "broken" : 1,
      "total" : 1
    },
    "items" : [ {
      "status" : "broken",
      "statusDetails" : "Exception: Невероятная проблема!",
      "testRunName" : "Demo Allure tests",
      "timestamp" : 1412949540660
    } ]
  },
  "my.company.SimpleTest#Test what do nothing and always passed right, but have a very long title, over 100 symbols, seriously" : {
    "id" : "my.company.SimpleTest#Test what do nothing and always passed right, but have a very long title, over 100 symbols, seriously",
    "name" : "Test what do nothing and always passed right, but have a very long title, over 100 symbols, seriously",
    "statistic" : {
      "passed" : 1,
      "total" : 1
    },
    "items" : [ {
      "status" : "passed",
      "testRunName" : "Demo Allure tests",
      "timestamp" : 1412949558829
    } ]
  },
  "my.company.ManyInfoTest#Test with long assertion text" : {
    "id" : "my.company.ManyInfoTest#Test with long assertion text",
    "name" : "Test with long assertion text",
    "statistic" : {
      "failed" : 1,
      "total" : 1
    },
    "items" : [ {
      "status" : "failed",
      "statusDetails" : "AssertionError: \nExpected: \"{\\n\\\"name\\\": \\\"test\\\",\\n\\\"value\\\": \\\"ok value\\\"\\n}\"\n     but: was \"{\\n\\\"name\\\": \\\"test\\\",\\n\\\"value\\\": \\\"bad value\\\"\\n}\"",
      "testRunName" : "Demo Allure tests",
      "timestamp" : 1412949540461
    } ]
  },
  "Search tests#Wildcard search test" : {
    "id" : "Search tests#Wildcard search test",
    "name" : "Wildcard search test",
    "statistic" : {
      "passed" : 1,
      "total" : 1
    },
    "items" : [ {
      "status" : "passed",
      "testRunName" : "Demo Allure tests",
      "timestamp" : 1412949558737
    } ]
  },
  "my.company.SimpleTest#skippedSimpleTest" : {
    "id" : "my.company.SimpleTest#skippedSimpleTest",
    "name" : "skippedSimpleTest",
    "statistic" : {
      "skipped" : 1,
      "total" : 1
    },
    "items" : [ {
      "status" : "skipped",
      "statusDetails" : "Test ignored (without reason)!",
      "testRunName" : "Demo Allure tests",
      "timestamp" : 1412949558832
    } ]
  },
  "my.company.BeforeClassFailTest#BeforeClassFailTest" : {
    "id" : "my.company.BeforeClassFailTest#BeforeClassFailTest",
    "name" : "BeforeClassFailTest",
    "statistic" : {
      "broken" : 1,
      "total" : 1
    },
    "items" : [ {
      "status" : "broken",
      "statusDetails" : "RuntimeException: bye-bye",
      "testRunName" : "Demo Allure tests",
      "timestamp" : 1412949539779
    } ]
  },
  "my.company.AlwaysPassingTest#testTwo" : {
    "id" : "my.company.AlwaysPassingTest#testTwo",
    "name" : "testTwo",
    "statistic" : {
      "passed" : 1,
      "total" : 1
    },
    "items" : [ {
      "status" : "passed",
      "testRunName" : "Demo Allure tests",
      "timestamp" : 1412949539372
    } ]
  },
  "my.company.AlwaysPassingTest#testThree" : {
    "id" : "my.company.AlwaysPassingTest#testThree",
    "name" : "testThree",
    "statistic" : {
      "passed" : 1,
      "total" : 1
    },
    "items" : [ {
      "status" : "passed",
      "testRunName" : "Demo Allure tests",
      "timestamp" : 1412949539746
    } ]
  },
  "Search tests#Page loading test" : {
    "id" : "Search tests#Page loading test",
    "name" : "Page loading test",
    "statistic" : {
      "failed" : 1,
      "total" : 1
    },
    "items" : [ {
      "status" : "failed",
      "statusDetails" : "AssertionError: Text on current page should be correct\nExpected: element text is \"Yandex\"\n     but: <[[PhantomJSDriver: phantomjs on MAC (9e679b20-5085-11e4-ad6d-87edf8da84a7)] -> css selector: title]> text is \"\"",
      "testRunName" : "Demo Allure tests",
      "timestamp" : 1412949556298
    } ]
  },
  "my.company.ManyInfoTest#lotOfStepsTest" : {
    "id" : "my.company.ManyInfoTest#lotOfStepsTest",
    "name" : "lotOfStepsTest",
    "statistic" : {
      "broken" : 1,
      "total" : 1
    },
    "items" : [ {
      "status" : "broken",
      "statusDetails" : "FileNotFoundException: No file found.",
      "testRunName" : "Demo Allure tests",
      "timestamp" : 1412949539862
    } ]
  },
  "my.company.ManyInfoTest#<script>3443</script>" : {
    "id" : "my.company.ManyInfoTest#<script>3443</script>",
    "name" : "<script>3443</script>",
    "statistic" : {
      "failed" : 1,
      "total" : 1
    },
    "items" : [ {
      "status" : "failed",
      "statusDetails" : "AlarmAssertionErrorAssertionErrorAssertionErrorAssertionErrorAssertionError: This test should be failed",
      "testRunName" : "Demo Allure tests",
      "timestamp" : 1412949540559
    } ]
  },
  "my.company.SimpleTest#brokenSimpleTest" : {
    "id" : "my.company.SimpleTest#brokenSimpleTest",
    "name" : "brokenSimpleTest",
    "statistic" : {
      "broken" : 1,
      "total" : 1
    },
    "items" : [ {
      "status" : "broken",
      "statusDetails" : "ArrayIndexOutOfBoundsException: 1",
      "testRunName" : "Demo Allure tests",
      "timestamp" : 1412949558832
    } ]
  },
  "Search tests#Usual search test" : {
    "id" : "Search tests#Usual search test",
    "name" : "Usual search test",
    "statistic" : {
      "passed" : 1,
      "total" : 1
    },
    "items" : [ {
      "status" : "passed",
      "testRunName" : "Demo Allure tests",
      "timestamp" : 1412949558826
    } ]
  },
  "my.company.AllureMigrationTest#Test what do nothing and always passed right, but have a very long title, over 100 symbols, seriously" : {
    "id" : "my.company.AllureMigrationTest#Test what do nothing and always passed right, but have a very long title, over 100 symbols, seriously",
    "name" : "Test what do nothing and always passed right, but have a very long title, over 100 symbols, seriously",
    "statistic" : {
      "skipped" : 1,
      "total" : 1
    },
    "items" : [ {
      "status" : "skipped",
      "testRunName" : "Demo Allure tests",
      "timestamp" : 1412949993580
    } ]
  }
}