{
    "status": "failed", 
    "name": "test_parametrization_one_param_without_ids[True]", 
    "parameters": [
        {
            "name": "param", 
            "value": "True"
        }
    ], 
    "parentIds": [], 
    "labels": [
        {
            "name": "testClass", 
            "value": "test.parametrization.parametrization_simple_test"
        }
    ], 
    "stop": 1482258280466, 
    "statusDetails": {
        "message": "AssertionError: assert not True", 
        "trace": "param = True\n\n    @pytest.mark.parametrize('param', [True, False])\n    def test_parametrization_one_param_without_ids(param):\n>       assert not param\nE       assert not True\n\ntest/parametrization/parametrization_simple_test.py:64: AssertionError"
    }, 
    "start": 1482258280466, 
    "steps": [], 
    "fullName": "test.parametrization.parametrization_simple_test#test_parametrization_one_param_without_ids[True]", 
    "afters": [], 
    "id": "bcd5b9f66bcc5fd5575717b231027af7", 
    "befores": []
}