{
    "status": "failed", 
    "name": "test_nested_steps_inside_test[False-False-True]", 
    "parameters": [
        {
            "name": "first_fail_before_second", 
            "value": "False"
        }, 
        {
            "name": "first_fail_after_second", 
            "value": "False"
        }, 
        {
            "name": "second_fail", 
            "value": "True"
        }
    ], 
    "parentIds": [], 
    "labels": [
        {
            "name": "testClass", 
            "value": "test.steps.nested_steps_test"
        }
    ], 
    "stop": 1482258280544, 
    "statusDetails": {
        "message": "AssertionError: assert not True", 
        "trace": "first_fail_before_second = False, first_fail_after_second = False, second_fail = True\n\n    @pytest.mark.parametrize(\"first_fail_before_second, first_fail_after_second, second_fail\", fruit_machine)\n    def test_nested_steps_inside_test(first_fail_before_second, first_fail_after_second, second_fail):\n        with pytest.allure.step('First step'):\n            assert not first_fail_before_second\n            with pytest.allure.step('Second step'):\n>               assert not second_fail\nE               assert not True\n\ntest/steps/nested_steps_test.py:67: AssertionError"
    }, 
    "start": 1482258280544, 
    "steps": [
        {
            "name": "First step", 
            "description": null, 
            "descriptionHtml": null, 
            "steps": [
                {
                    "name": "Second step", 
                    "description": null, 
                    "descriptionHtml": null, 
                    "steps": null, 
                    "attachments": null, 
                    "start": 1482258280544, 
                    "stop": 1482258280544, 
                    "id": null, 
                    "status": "failed", 
                    "statusDetails": null, 
                    "parameters": null
                }
            ], 
            "attachments": null, 
            "start": 1482258280544, 
            "stop": 1482258280544, 
            "id": null, 
            "status": "failed", 
            "statusDetails": null, 
            "parameters": null
        }
    ], 
    "fullName": "test.steps.nested_steps_test#test_nested_steps_inside_test[False-False-True]", 
    "afters": [], 
    "id": "de39f163c596d24c6dabbb2e4f192b41", 
    "befores": []
}