{
    "status": "failed", 
    "name": "test_nested_steps_outside_test[True-True-False]", 
    "parameters": [
        {
            "name": "first_fail_before_second", 
            "value": "True"
        }, 
        {
            "name": "first_fail_after_second", 
            "value": "True"
        }, 
        {
            "name": "second_fail", 
            "value": "False"
        }
    ], 
    "parentIds": [], 
    "labels": [
        {
            "name": "testClass", 
            "value": "test.steps.nested_steps_test"
        }
    ], 
    "stop": 1482258280572, 
    "statusDetails": {
        "message": "AssertionError: assert not True", 
        "trace": "first_fail_before_second = True, first_fail_after_second = True, second_fail = False\n\n    @pytest.mark.parametrize(\"first_fail_before_second, first_fail_after_second, second_fail\", fruit_machine)\n    def test_nested_steps_outside_test(first_fail_before_second, first_fail_after_second, second_fail):\n>       another_first_step(first_fail_before_second, first_fail_after_second, second_fail)\n\ntest/steps/nested_steps_test.py:85: \n_ _ _ _ _ _ _ _ _ _ _ _ _ _ _ _ _ _ _ _ _ _ _ _ _ _ _ _ _ _ _ _ _ _ _ _ _ _ _ _ _ _ _ _ _ _ _ _ _ _ _ _ _ _ _ _ _ _ _ _ _ _ _ _ _ _ _ _ _ _ _ _ _ _ _ _ _ _ _ _ _ _ _ _ _ _ _ _ _ _ _ _ _ _ _ _ _ _ _ _ _ _ _ _ _ _ _ _ _ _ _ _ _ _ _ _\n\nfirst_fail_before_second = True, first_fail_after_second = True, second_fail = False\n\n    @pytest.allure.step(\"First step\")\n    def another_first_step(first_fail_before_second, first_fail_after_second, second_fail):\n>       assert not first_fail_before_second\nE       assert not True\n\ntest/steps/nested_steps_test.py:78: AssertionError"
    }, 
    "start": 1482258280572, 
    "steps": [
        {
            "name": "First step", 
            "description": null, 
            "descriptionHtml": null, 
            "steps": null, 
            "attachments": null, 
            "start": 1482258280572, 
            "stop": 1482258280572, 
            "id": null, 
            "status": "failed", 
            "statusDetails": null, 
            "parameters": null
        }
    ], 
    "fullName": "test.steps.nested_steps_test#test_nested_steps_outside_test[True-True-False]", 
    "afters": [], 
    "id": "23f93858b540f6faac95fc5e928891e5", 
    "befores": []
}