{
    "status": "failed", 
    "name": "test_nested_steps_outside_test[False-True-False]", 
    "parameters": [
        {
            "name": "first_fail_before_second", 
            "value": "False"
        }, 
        {
            "name": "first_fail_after_second", 
            "value": "True"
        }, 
        {
            "name": "second_fail", 
            "value": "False"
        }
    ], 
    "parentIds": [], 
    "labels": [
        {
            "name": "testClass", 
            "value": "test.steps.nested_steps_test"
        }
    ], 
    "stop": 1482258280613, 
    "statusDetails": {
        "message": "AssertionError: assert not True", 
        "trace": "first_fail_before_second = False, first_fail_after_second = True, second_fail = False\n\n    @pytest.mark.parametrize(\"first_fail_before_second, first_fail_after_second, second_fail\", fruit_machine)\n    def test_nested_steps_outside_test(first_fail_before_second, first_fail_after_second, second_fail):\n>       another_first_step(first_fail_before_second, first_fail_after_second, second_fail)\n\ntest/steps/nested_steps_test.py:85: \n_ _ _ _ _ _ _ _ _ _ _ _ _ _ _ _ _ _ _ _ _ _ _ _ _ _ _ _ _ _ _ _ _ _ _ _ _ _ _ _ _ _ _ _ _ _ _ _ _ _ _ _ _ _ _ _ _ _ _ _ _ _ _ _ _ _ _ _ _ _ _ _ _ _ _ _ _ _ _ _ _ _ _ _ _ _ _ _ _ _ _ _ _ _ _ _ _ _ _ _ _ _ _ _ _ _ _ _ _ _ _ _ _ _ _ _\n\nfirst_fail_before_second = False, first_fail_after_second = True, second_fail = False\n\n    @pytest.allure.step(\"First step\")\n    def another_first_step(first_fail_before_second, first_fail_after_second, second_fail):\n        assert not first_fail_before_second\n        second_step(second_fail)\n>       assert not first_fail_after_second\nE       assert not True\n\ntest/steps/nested_steps_test.py:80: AssertionError"
    }, 
    "start": 1482258280613, 
    "steps": [
        {
            "name": "First step", 
            "description": null, 
            "descriptionHtml": null, 
            "steps": [
                {
                    "name": "Second step", 
                    "description": null, 
                    "descriptionHtml": null, 
                    "steps": null, 
                    "attachments": null, 
                    "start": 1482258280613, 
                    "stop": 1482258280613, 
                    "id": null, 
                    "status": "passed", 
                    "statusDetails": null, 
                    "parameters": null
                }
            ], 
            "attachments": null, 
            "start": 1482258280613, 
            "stop": 1482258280613, 
            "id": null, 
            "status": "failed", 
            "statusDetails": null, 
            "parameters": null
        }
    ], 
    "fullName": "test.steps.nested_steps_test#test_nested_steps_outside_test[False-True-False]", 
    "afters": [], 
    "id": "20b1d81ecb40f32131de54584c0bffd7", 
    "befores": []
}