{
    "status": "failed", 
    "name": "test_parametrization_one_param_with_ids[pass]", 
    "parameters": [
        {
            "name": "pass", 
            "value": "True"
        }
    ], 
    "parentIds": [], 
    "labels": [
        {
            "name": "testClass", 
            "value": "test.parametrization.parametrization_simple_test"
        }
    ], 
    "stop": 1482258280472, 
    "statusDetails": {
        "message": "AssertionError: assert not True", 
        "trace": "param = True\n\n    @pytest.mark.parametrize('param', [True, False], ids=['pass', 'fail'])\n    def test_parametrization_one_param_with_ids(param):\n>       assert not param\nE       assert not True\n\ntest/parametrization/parametrization_simple_test.py:69: AssertionError"
    }, 
    "start": 1482258280472, 
    "steps": [], 
    "fullName": "test.parametrization.parametrization_simple_test#test_parametrization_one_param_with_ids[pass]", 
    "afters": [], 
    "id": "e929796593657a32eace404fa9ae9c40", 
    "befores": []
}