{
    "status": "failed", 
    "name": "test_sequence_of_outside_steps[False-True]", 
    "parameters": [
        {
            "name": "first_step_fail", 
            "value": "False"
        }, 
        {
            "name": "second_step_fail", 
            "value": "True"
        }
    ], 
    "parentIds": [], 
    "labels": [
        {
            "name": "testClass", 
            "value": "test.steps.simple_steps_test"
        }
    ], 
    "stop": 1482258280784, 
    "statusDetails": {
        "message": "AssertionError: assert not True", 
        "trace": "first_step_fail = False, second_step_fail = True\n\n    @pytest.mark.parametrize(\"first_step_fail, second_step_fail\", true_false)\n    def test_sequence_of_outside_steps(first_step_fail, second_step_fail):\n        first_step(first_step_fail)\n>       second_step(second_step_fail)\n\ntest/steps/simple_steps_test.py:75: \n_ _ _ _ _ _ _ _ _ _ _ _ _ _ _ _ _ _ _ _ _ _ _ _ _ _ _ _ _ _ _ _ _ _ _ _ _ _ _ _ _ _ _ _ _ _ _ _ _ _ _ _ _ _ _ _ _ _ _ _ _ _ _ _ _ _ _ _ _ _ _ _ _ _ _ _ _ _ _ _ _ _ _ _ _ _ _ _ _ _ _ _ _ _ _ _ _ _ _ _ _ _ _ _ _ _ _ _ _ _ _ _ _ _ _ _\n\nstep_fail = True\n\n    @pytest.allure.step(\"Second step\")\n    def second_step(step_fail):\n>       assert not step_fail\nE       assert not True\n\ntest/steps/simple_steps_test.py:69: AssertionError"
    }, 
    "start": 1482258280784, 
    "steps": [
        {
            "name": "First step", 
            "description": null, 
            "descriptionHtml": null, 
            "steps": null, 
            "attachments": null, 
            "start": 1482258280784, 
            "stop": 1482258280784, 
            "id": null, 
            "status": "passed", 
            "statusDetails": null, 
            "parameters": null
        }, 
        {
            "name": "Second step", 
            "description": null, 
            "descriptionHtml": null, 
            "steps": null, 
            "attachments": null, 
            "start": 1482258280784, 
            "stop": 1482258280784, 
            "id": null, 
            "status": "failed", 
            "statusDetails": null, 
            "parameters": null
        }
    ], 
    "fullName": "test.steps.simple_steps_test#test_sequence_of_outside_steps[False-True]", 
    "afters": [], 
    "id": "56723adc9e98d1302147e9f8ee24fcd7", 
    "befores": []
}